Traceback (most recent call last):
  File "C:\Users\herbst\Anaconda3\envs\mypython37\lib\site-packages\jupyter_cache\executors\utils.py", line 56, in single_nb_execution
    record_timing=False,
  File "C:\Users\herbst\Anaconda3\envs\mypython37\lib\site-packages\nbclient\client.py", line 1204, in execute
    return NotebookClient(nb=nb, resources=resources, km=km, **kwargs).execute()
  File "C:\Users\herbst\Anaconda3\envs\mypython37\lib\site-packages\nbclient\util.py", line 84, in wrapped
    return just_run(coro(*args, **kwargs))
  File "C:\Users\herbst\Anaconda3\envs\mypython37\lib\site-packages\nbclient\util.py", line 62, in just_run
    return loop.run_until_complete(coro)
  File "C:\Users\herbst\Anaconda3\envs\mypython37\lib\asyncio\base_events.py", line 587, in run_until_complete
    return future.result()
  File "C:\Users\herbst\Anaconda3\envs\mypython37\lib\site-packages\nbclient\client.py", line 664, in async_execute
    cell, index, execution_count=self.code_cells_executed + 1
  File "C:\Users\herbst\Anaconda3\envs\mypython37\lib\site-packages\nbclient\client.py", line 965, in async_execute_cell
    await self._check_raise_for_error(cell, cell_index, exec_reply)
  File "C:\Users\herbst\Anaconda3\envs\mypython37\lib\site-packages\nbclient\client.py", line 862, in _check_raise_for_error
    raise CellExecutionError.from_cell_and_msg(cell, exec_reply_content)
nbclient.exceptions.CellExecutionError: An error occurred while executing the following cell:
------------------
sm  = opm['seq_model']
osp = opm['optical_spec']
pm = opm['parax_model']
em = opm['ele_model']
pt = opm['part_tree']
ar = opm['analysis_results']
------------------

[1;31m---------------------------------------------------------------------------[0m
[1;31mTypeError[0m                                 Traceback (most recent call last)
[1;32m~\AppData\Local\Temp\ipykernel_9940\1708619527.py[0m in [0;36m<module>[1;34m[0m
[1;32m----> 1[1;33m [0msm[0m  [1;33m=[0m [0mopm[0m[1;33m[[0m[1;34m'seq_model'[0m[1;33m][0m[1;33m[0m[1;33m[0m[0m
[0m[0;32m      2[0m [0mosp[0m [1;33m=[0m [0mopm[0m[1;33m[[0m[1;34m'optical_spec'[0m[1;33m][0m[1;33m[0m[1;33m[0m[0m
[0;32m      3[0m [0mpm[0m [1;33m=[0m [0mopm[0m[1;33m[[0m[1;34m'parax_model'[0m[1;33m][0m[1;33m[0m[1;33m[0m[0m
[0;32m      4[0m [0mem[0m [1;33m=[0m [0mopm[0m[1;33m[[0m[1;34m'ele_model'[0m[1;33m][0m[1;33m[0m[1;33m[0m[0m
[0;32m      5[0m [0mpt[0m [1;33m=[0m [0mopm[0m[1;33m[[0m[1;34m'part_tree'[0m[1;33m][0m[1;33m[0m[1;33m[0m[0m

[1;31mTypeError[0m: 'OpticalModel' object is not subscriptable
TypeError: 'OpticalModel' object is not subscriptable

