Traceback (most recent call last):
  File "C:\Users\herbst\Anaconda3\envs\mypython37\lib\site-packages\jupyter_cache\executors\utils.py", line 56, in single_nb_execution
    record_timing=False,
  File "C:\Users\herbst\Anaconda3\envs\mypython37\lib\site-packages\nbclient\client.py", line 1204, in execute
    return NotebookClient(nb=nb, resources=resources, km=km, **kwargs).execute()
  File "C:\Users\herbst\Anaconda3\envs\mypython37\lib\site-packages\nbclient\util.py", line 84, in wrapped
    return just_run(coro(*args, **kwargs))
  File "C:\Users\herbst\Anaconda3\envs\mypython37\lib\site-packages\nbclient\util.py", line 62, in just_run
    return loop.run_until_complete(coro)
  File "C:\Users\herbst\Anaconda3\envs\mypython37\lib\asyncio\base_events.py", line 587, in run_until_complete
    return future.result()
  File "C:\Users\herbst\Anaconda3\envs\mypython37\lib\site-packages\nbclient\client.py", line 664, in async_execute
    cell, index, execution_count=self.code_cells_executed + 1
  File "C:\Users\herbst\Anaconda3\envs\mypython37\lib\site-packages\nbclient\client.py", line 965, in async_execute_cell
    await self._check_raise_for_error(cell, cell_index, exec_reply)
  File "C:\Users\herbst\Anaconda3\envs\mypython37\lib\site-packages\nbclient\client.py", line 862, in _check_raise_for_error
    raise CellExecutionError.from_cell_and_msg(cell, exec_reply_content)
nbclient.exceptions.CellExecutionError: An error occurred while executing the following cell:
------------------
filename = r'C:\Work\Tools\OpticalDesign_Doku\KDP-2_optimization_operands.xlsx'
df_LDB = pd.read_excel(filename, sheet_name = "lens database operands", header = 1, index_col = 0)
df_LDB = df_LDB.dropna()   # drop nan values

df_RSR = pd.read_excel(filename, sheet_name = "real single ray", header = 1, index_col = 0)
df_RSR = df_RSR.dropna()   # drop nan values

df_spdcaf = pd.read_excel(filename, sheet_name = "spd caf", header = 1, index_col = 0)
df_spdcaf = df_spdcaf.dropna()   # drop nan values

df_paraxray = pd.read_excel(filename, sheet_name = "paraxial ray", header = 1, index_col = 0)
df_paraxray = df_paraxray.dropna()   # drop nan values

df_pchrom = pd.read_excel(filename, sheet_name = "paraxial chromatic", header = 1, index_col = 0)
df_pchrom = df_pchrom.dropna()   # drop nan values

df_specialray = pd.read_excel(filename, sheet_name = "special ray", header = 1, index_col = 0)
df_specialray = df_specialray.dropna()   # drop nan values

df_aberrations = pd.read_excel(filename, sheet_name = "aberrations", header = 1, index_col = 0)
df_aberrations = df_aberrations.dropna()   # drop nan values

df_gb = pd.read_excel(filename, sheet_name = "Gaussian beam", header = 1, index_col = 0)
df_gb = df_gb.dropna()   # drop nan values

df_spec = pd.read_excel(filename, sheet_name = "spectrometer", header = 1, index_col = 0)
df_spec = df_spec.dropna()   # drop nan values

df_rrcomp = pd.read_excel(filename, sheet_name = "real ray composite", header = 1, index_col = 0)
df_rrcomp = df_rrcomp.dropna()   # drop nan values
------------------

[1;31m---------------------------------------------------------------------------[0m
[1;31mImportError[0m                               Traceback (most recent call last)
[1;32m~\AppData\Local\Temp\ipykernel_14824\2240897265.py[0m in [0;36m<module>[1;34m[0m
[0;32m      1[0m [0mfilename[0m [1;33m=[0m [1;34mr'C:\Work\Tools\OpticalDesign_Doku\KDP-2_optimization_operands.xlsx'[0m[1;33m[0m[1;33m[0m[0m
[1;32m----> 2[1;33m [0mdf_LDB[0m [1;33m=[0m [0mpd[0m[1;33m.[0m[0mread_excel[0m[1;33m([0m[0mfilename[0m[1;33m,[0m [0msheet_name[0m [1;33m=[0m [1;34m"lens database operands"[0m[1;33m,[0m [0mheader[0m [1;33m=[0m [1;36m1[0m[1;33m,[0m [0mindex_col[0m [1;33m=[0m [1;36m0[0m[1;33m)[0m[1;33m[0m[1;33m[0m[0m
[0m[0;32m      3[0m [0mdf_LDB[0m [1;33m=[0m [0mdf_LDB[0m[1;33m.[0m[0mdropna[0m[1;33m([0m[1;33m)[0m   [1;31m# drop nan values[0m[1;33m[0m[1;33m[0m[0m
[0;32m      4[0m [1;33m[0m[0m
[0;32m      5[0m [0mdf_RSR[0m [1;33m=[0m [0mpd[0m[1;33m.[0m[0mread_excel[0m[1;33m([0m[0mfilename[0m[1;33m,[0m [0msheet_name[0m [1;33m=[0m [1;34m"real single ray"[0m[1;33m,[0m [0mheader[0m [1;33m=[0m [1;36m1[0m[1;33m,[0m [0mindex_col[0m [1;33m=[0m [1;36m0[0m[1;33m)[0m[1;33m[0m[1;33m[0m[0m

[1;32m~\Anaconda3\envs\mypython37\lib\site-packages\pandas\util\_decorators.py[0m in [0;36mwrapper[1;34m(*args, **kwargs)[0m
[0;32m    294[0m                 )
[0;32m    295[0m                 [0mwarnings[0m[1;33m.[0m[0mwarn[0m[1;33m([0m[0mmsg[0m[1;33m,[0m [0mFutureWarning[0m[1;33m,[0m [0mstacklevel[0m[1;33m=[0m[0mstacklevel[0m[1;33m)[0m[1;33m[0m[1;33m[0m[0m
[1;32m--> 296[1;33m             [1;32mreturn[0m [0mfunc[0m[1;33m([0m[1;33m*[0m[0margs[0m[1;33m,[0m [1;33m**[0m[0mkwargs[0m[1;33m)[0m[1;33m[0m[1;33m[0m[0m
[0m[0;32m    297[0m [1;33m[0m[0m
[0;32m    298[0m         [1;32mreturn[0m [0mwrapper[0m[1;33m[0m[1;33m[0m[0m

[1;32m~\Anaconda3\envs\mypython37\lib\site-packages\pandas\io\excel\_base.py[0m in [0;36mread_excel[1;34m(io, sheet_name, header, names, index_col, usecols, squeeze, dtype, engine, converters, true_values, false_values, skiprows, nrows, na_values, keep_default_na, na_filter, verbose, parse_dates, date_parser, thousands, comment, skipfooter, convert_float, mangle_dupe_cols)[0m
[0;32m    302[0m [1;33m[0m[0m
[0;32m    303[0m     [1;32mif[0m [1;32mnot[0m [0misinstance[0m[1;33m([0m[0mio[0m[1;33m,[0m [0mExcelFile[0m[1;33m)[0m[1;33m:[0m[1;33m[0m[1;33m[0m[0m
[1;32m--> 304[1;33m         [0mio[0m [1;33m=[0m [0mExcelFile[0m[1;33m([0m[0mio[0m[1;33m,[0m [0mengine[0m[1;33m=[0m[0mengine[0m[1;33m)[0m[1;33m[0m[1;33m[0m[0m
[0m[0;32m    305[0m     [1;32melif[0m [0mengine[0m [1;32mand[0m [0mengine[0m [1;33m!=[0m [0mio[0m[1;33m.[0m[0mengine[0m[1;33m:[0m[1;33m[0m[1;33m[0m[0m
[0;32m    306[0m         raise ValueError(

[1;32m~\Anaconda3\envs\mypython37\lib\site-packages\pandas\io\excel\_base.py[0m in [0;36m__init__[1;34m(self, path_or_buffer, engine)[0m
[0;32m    865[0m         [0mself[0m[1;33m.[0m[0m_io[0m [1;33m=[0m [0mstringify_path[0m[1;33m([0m[0mpath_or_buffer[0m[1;33m)[0m[1;33m[0m[1;33m[0m[0m
[0;32m    866[0m [1;33m[0m[0m
[1;32m--> 867[1;33m         [0mself[0m[1;33m.[0m[0m_reader[0m [1;33m=[0m [0mself[0m[1;33m.[0m[0m_engines[0m[1;33m[[0m[0mengine[0m[1;33m][0m[1;33m([0m[0mself[0m[1;33m.[0m[0m_io[0m[1;33m)[0m[1;33m[0m[1;33m[0m[0m
[0m[0;32m    868[0m [1;33m[0m[0m
[0;32m    869[0m     [1;32mdef[0m [0m__fspath__[0m[1;33m([0m[0mself[0m[1;33m)[0m[1;33m:[0m[1;33m[0m[1;33m[0m[0m

[1;32m~\Anaconda3\envs\mypython37\lib\site-packages\pandas\io\excel\_xlrd.py[0m in [0;36m__init__[1;34m(self, filepath_or_buffer)[0m
[0;32m     19[0m         """
[0;32m     20[0m         [0merr_msg[0m [1;33m=[0m [1;34m"Install xlrd >= 1.0.0 for Excel support"[0m[1;33m[0m[1;33m[0m[0m
[1;32m---> 21[1;33m         [0mimport_optional_dependency[0m[1;33m([0m[1;34m"xlrd"[0m[1;33m,[0m [0mextra[0m[1;33m=[0m[0merr_msg[0m[1;33m)[0m[1;33m[0m[1;33m[0m[0m
[0m[0;32m     22[0m         [0msuper[0m[1;33m([0m[1;33m)[0m[1;33m.[0m[0m__init__[0m[1;33m([0m[0mfilepath_or_buffer[0m[1;33m)[0m[1;33m[0m[1;33m[0m[0m
[0;32m     23[0m [1;33m[0m[0m

[1;32m~\Anaconda3\envs\mypython37\lib\site-packages\pandas\compat\_optional.py[0m in [0;36mimport_optional_dependency[1;34m(name, extra, raise_on_missing, on_version)[0m
[0;32m    108[0m     [1;32mexcept[0m [0mImportError[0m[1;33m:[0m[1;33m[0m[1;33m[0m[0m
[0;32m    109[0m         [1;32mif[0m [0mraise_on_missing[0m[1;33m:[0m[1;33m[0m[1;33m[0m[0m
[1;32m--> 110[1;33m             [1;32mraise[0m [0mImportError[0m[1;33m([0m[0mmsg[0m[1;33m)[0m [1;32mfrom[0m [1;32mNone[0m[1;33m[0m[1;33m[0m[0m
[0m[0;32m    111[0m         [1;32melse[0m[1;33m:[0m[1;33m[0m[1;33m[0m[0m
[0;32m    112[0m             [1;32mreturn[0m [1;32mNone[0m[1;33m[0m[1;33m[0m[0m

[1;31mImportError[0m: Missing optional dependency 'xlrd'. Install xlrd >= 1.0.0 for Excel support Use pip or conda to install xlrd.
ImportError: Missing optional dependency 'xlrd'. Install xlrd >= 1.0.0 for Excel support Use pip or conda to install xlrd.

